<?xml version="1.0" encoding="UTF-8"?>
<!-- Generated by org.testng.reporters.JUnitXMLReporter -->
<testsuite ignored="0" hostname="DESKTOP-BGBGNTI" failures="0" tests="3" name="Test" time="98.44" errors="0" timestamp="2024-02-16T20:46:10 IST">
  <testcase classname="com.entrata.automation.entrata.base.EntrataTest" name="propertyManagerLogin" time="6.914"/>
  <testcase classname="com.entrata.automation.entrata.base.EntrataTest" name="mouseHover" time="0.443"/>
  <testcase classname="com.entrata.automation.entrata.base.EntrataTest" name="navigationToOtherTab" time="2.516"/>
</testsuite> <!-- Test -->
