<?xml version="1.0" encoding="UTF-8"?>
<!-- Generated by org.testng.reporters.JUnitXMLReporter -->
<testsuite ignored="0" hostname="DESKTOP-BGBGNTI" failures="0" tests="3" name="Default test" time="73.429" errors="0" timestamp="2024-02-16T20:36:16 IST">
  <testcase classname="com.entrata.automation.entrata.base.EntrataTest" name="propertyManagerLogin" time="5.226"/>
  <testcase classname="com.entrata.automation.entrata.base.EntrataTest" name="mouseHover" time="0.381"/>
  <testcase classname="com.entrata.automation.entrata.base.EntrataTest" name="navigationToOtherTab" time="2.37"/>
</testsuite> <!-- Default test -->
